The system is: Darwin - 16.7.0 - x86_64
Compiling the C compiler identification source file "CMakeCCompilerId.c" succeeded.
Compiler: /Applications/Xcode.app/Contents/Developer/Toolchains/XcodeDefault.xctoolchain/usr/bin/cc 
Build flags: 
Id flags:  

The output was:
0


Compilation of the C compiler identification source "CMakeCCompilerId.c" produced "a.out"

The C compiler identification is AppleClang, found in "/Users/ntoniolo/base/scop/cJSON/build/CMakeFiles/3.11.4/CompilerIdC/a.out"

Determining if the C compiler works passed with the following output:
Change Dir: /Users/ntoniolo/base/scop/cJSON/build/CMakeFiles/CMakeTmp

Run Build Command:"/usr/bin/make" "cmTC_657e0/fast"
/Applications/Xcode.app/Contents/Developer/usr/bin/make -f CMakeFiles/cmTC_657e0.dir/build.make CMakeFiles/cmTC_657e0.dir/build
Building C object CMakeFiles/cmTC_657e0.dir/testCCompiler.c.o
/Applications/Xcode.app/Contents/Developer/Toolchains/XcodeDefault.xctoolchain/usr/bin/cc    -o CMakeFiles/cmTC_657e0.dir/testCCompiler.c.o   -c /Users/ntoniolo/base/scop/cJSON/build/CMakeFiles/CMakeTmp/testCCompiler.c
Linking C executable cmTC_657e0
/Users/ntoniolo/.brew/Cellar/cmake/3.11.4/bin/cmake -E cmake_link_script CMakeFiles/cmTC_657e0.dir/link.txt --verbose=1
/Applications/Xcode.app/Contents/Developer/Toolchains/XcodeDefault.xctoolchain/usr/bin/cc   -Wl,-search_paths_first -Wl,-headerpad_max_install_names   CMakeFiles/cmTC_657e0.dir/testCCompiler.c.o  -o cmTC_657e0 


Detecting C compiler ABI info compiled with the following output:
Change Dir: /Users/ntoniolo/base/scop/cJSON/build/CMakeFiles/CMakeTmp

Run Build Command:"/usr/bin/make" "cmTC_a476b/fast"
/Applications/Xcode.app/Contents/Developer/usr/bin/make -f CMakeFiles/cmTC_a476b.dir/build.make CMakeFiles/cmTC_a476b.dir/build
Building C object CMakeFiles/cmTC_a476b.dir/CMakeCCompilerABI.c.o
/Applications/Xcode.app/Contents/Developer/Toolchains/XcodeDefault.xctoolchain/usr/bin/cc    -o CMakeFiles/cmTC_a476b.dir/CMakeCCompilerABI.c.o   -c /Users/ntoniolo/.brew/Cellar/cmake/3.11.4/share/cmake/Modules/CMakeCCompilerABI.c
Linking C executable cmTC_a476b
/Users/ntoniolo/.brew/Cellar/cmake/3.11.4/bin/cmake -E cmake_link_script CMakeFiles/cmTC_a476b.dir/link.txt --verbose=1
/Applications/Xcode.app/Contents/Developer/Toolchains/XcodeDefault.xctoolchain/usr/bin/cc   -Wl,-search_paths_first -Wl,-headerpad_max_install_names  -v -Wl,-v CMakeFiles/cmTC_a476b.dir/CMakeCCompilerABI.c.o  -o cmTC_a476b 
Apple LLVM version 9.0.0 (clang-900.0.39.2)
Target: x86_64-apple-darwin16.7.0
Thread model: posix
InstalledDir: /Applications/Xcode.app/Contents/Developer/Toolchains/XcodeDefault.xctoolchain/usr/bin
 "/Applications/Xcode.app/Contents/Developer/Toolchains/XcodeDefault.xctoolchain/usr/bin/ld" -demangle -lto_library /Applications/Xcode.app/Contents/Developer/Toolchains/XcodeDefault.xctoolchain/usr/lib/libLTO.dylib -dynamic -arch x86_64 -macosx_version_min 10.12.0 -o cmTC_a476b -search_paths_first -headerpad_max_install_names -v CMakeFiles/cmTC_a476b.dir/CMakeCCompilerABI.c.o -lSystem /Applications/Xcode.app/Contents/Developer/Toolchains/XcodeDefault.xctoolchain/usr/lib/clang/9.0.0/lib/darwin/libclang_rt.osx.a
@(#)PROGRAM:ld  PROJECT:ld64-305
configured to support archs: armv6 armv7 armv7s arm64 i386 x86_64 x86_64h armv6m armv7k armv7m armv7em (tvOS)
Library search paths:
	/usr/lib
	/usr/local/lib
Framework search paths:
	/Library/Frameworks/
	/System/Library/Frameworks/


Parsed C implicit link information from above output:
  link line regex: [^( *|.*[/\])(ld|CMAKE_LINK_STARTFILE-NOTFOUND|([^/\]+-)?ld|collect2)[^/\]*( |$)]
  ignore line: [Change Dir: /Users/ntoniolo/base/scop/cJSON/build/CMakeFiles/CMakeTmp]
  ignore line: []
  ignore line: [Run Build Command:"/usr/bin/make" "cmTC_a476b/fast"]
  ignore line: [/Applications/Xcode.app/Contents/Developer/usr/bin/make -f CMakeFiles/cmTC_a476b.dir/build.make CMakeFiles/cmTC_a476b.dir/build]
  ignore line: [Building C object CMakeFiles/cmTC_a476b.dir/CMakeCCompilerABI.c.o]
  ignore line: [/Applications/Xcode.app/Contents/Developer/Toolchains/XcodeDefault.xctoolchain/usr/bin/cc    -o CMakeFiles/cmTC_a476b.dir/CMakeCCompilerABI.c.o   -c /Users/ntoniolo/.brew/Cellar/cmake/3.11.4/share/cmake/Modules/CMakeCCompilerABI.c]
  ignore line: [Linking C executable cmTC_a476b]
  ignore line: [/Users/ntoniolo/.brew/Cellar/cmake/3.11.4/bin/cmake -E cmake_link_script CMakeFiles/cmTC_a476b.dir/link.txt --verbose=1]
  ignore line: [/Applications/Xcode.app/Contents/Developer/Toolchains/XcodeDefault.xctoolchain/usr/bin/cc   -Wl,-search_paths_first -Wl,-headerpad_max_install_names  -v -Wl,-v CMakeFiles/cmTC_a476b.dir/CMakeCCompilerABI.c.o  -o cmTC_a476b ]
  ignore line: [Apple LLVM version 9.0.0 (clang-900.0.39.2)]
  ignore line: [Target: x86_64-apple-darwin16.7.0]
  ignore line: [Thread model: posix]
  ignore line: [InstalledDir: /Applications/Xcode.app/Contents/Developer/Toolchains/XcodeDefault.xctoolchain/usr/bin]
  link line: [ "/Applications/Xcode.app/Contents/Developer/Toolchains/XcodeDefault.xctoolchain/usr/bin/ld" -demangle -lto_library /Applications/Xcode.app/Contents/Developer/Toolchains/XcodeDefault.xctoolchain/usr/lib/libLTO.dylib -dynamic -arch x86_64 -macosx_version_min 10.12.0 -o cmTC_a476b -search_paths_first -headerpad_max_install_names -v CMakeFiles/cmTC_a476b.dir/CMakeCCompilerABI.c.o -lSystem /Applications/Xcode.app/Contents/Developer/Toolchains/XcodeDefault.xctoolchain/usr/lib/clang/9.0.0/lib/darwin/libclang_rt.osx.a]
    arg [/Applications/Xcode.app/Contents/Developer/Toolchains/XcodeDefault.xctoolchain/usr/bin/ld] ==> ignore
    arg [-demangle] ==> ignore
    arg [-lto_library] ==> ignore, skip following value
    arg [/Applications/Xcode.app/Contents/Developer/Toolchains/XcodeDefault.xctoolchain/usr/lib/libLTO.dylib] ==> skip value of -lto_library
    arg [-dynamic] ==> ignore
    arg [-arch] ==> ignore
    arg [x86_64] ==> ignore
    arg [-macosx_version_min] ==> ignore
    arg [10.12.0] ==> ignore
    arg [-o] ==> ignore
    arg [cmTC_a476b] ==> ignore
    arg [-search_paths_first] ==> ignore
    arg [-headerpad_max_install_names] ==> ignore
    arg [-v] ==> ignore
    arg [CMakeFiles/cmTC_a476b.dir/CMakeCCompilerABI.c.o] ==> ignore
    arg [-lSystem] ==> lib [System]
    arg [/Applications/Xcode.app/Contents/Developer/Toolchains/XcodeDefault.xctoolchain/usr/lib/clang/9.0.0/lib/darwin/libclang_rt.osx.a] ==> lib [/Applications/Xcode.app/Contents/Developer/Toolchains/XcodeDefault.xctoolchain/usr/lib/clang/9.0.0/lib/darwin/libclang_rt.osx.a]
  Library search paths: [;/usr/lib;/usr/local/lib]
  Framework search paths: [;/Library/Frameworks/;/System/Library/Frameworks/]
  remove lib [System]
  remove lib [/Applications/Xcode.app/Contents/Developer/Toolchains/XcodeDefault.xctoolchain/usr/lib/clang/9.0.0/lib/darwin/libclang_rt.osx.a]
  collapse library dir [/usr/lib] ==> [/usr/lib]
  collapse library dir [/usr/local/lib] ==> [/usr/local/lib]
  collapse framework dir [/Library/Frameworks/] ==> [/Library/Frameworks]
  collapse framework dir [/System/Library/Frameworks/] ==> [/System/Library/Frameworks]
  implicit libs: []
  implicit dirs: [/usr/lib;/usr/local/lib]
  implicit fwks: [/Library/Frameworks;/System/Library/Frameworks]




Detecting C [-std=c11] compiler features compiled with the following output:
Change Dir: /Users/ntoniolo/base/scop/cJSON/build/CMakeFiles/CMakeTmp

Run Build Command:"/usr/bin/make" "cmTC_96ef6/fast"
/Applications/Xcode.app/Contents/Developer/usr/bin/make -f CMakeFiles/cmTC_96ef6.dir/build.make CMakeFiles/cmTC_96ef6.dir/build
Building C object CMakeFiles/cmTC_96ef6.dir/feature_tests.c.o
/Applications/Xcode.app/Contents/Developer/Toolchains/XcodeDefault.xctoolchain/usr/bin/cc   -std=c11 -o CMakeFiles/cmTC_96ef6.dir/feature_tests.c.o   -c /Users/ntoniolo/base/scop/cJSON/build/CMakeFiles/feature_tests.c
Linking C executable cmTC_96ef6
/Users/ntoniolo/.brew/Cellar/cmake/3.11.4/bin/cmake -E cmake_link_script CMakeFiles/cmTC_96ef6.dir/link.txt --verbose=1
/Applications/Xcode.app/Contents/Developer/Toolchains/XcodeDefault.xctoolchain/usr/bin/cc   -Wl,-search_paths_first -Wl,-headerpad_max_install_names   CMakeFiles/cmTC_96ef6.dir/feature_tests.c.o  -o cmTC_96ef6 


    Feature record: C_FEATURE:1c_function_prototypes
    Feature record: C_FEATURE:1c_restrict
    Feature record: C_FEATURE:1c_static_assert
    Feature record: C_FEATURE:1c_variadic_macros


Detecting C [-std=c99] compiler features compiled with the following output:
Change Dir: /Users/ntoniolo/base/scop/cJSON/build/CMakeFiles/CMakeTmp

Run Build Command:"/usr/bin/make" "cmTC_87068/fast"
/Applications/Xcode.app/Contents/Developer/usr/bin/make -f CMakeFiles/cmTC_87068.dir/build.make CMakeFiles/cmTC_87068.dir/build
Building C object CMakeFiles/cmTC_87068.dir/feature_tests.c.o
/Applications/Xcode.app/Contents/Developer/Toolchains/XcodeDefault.xctoolchain/usr/bin/cc   -std=c99 -o CMakeFiles/cmTC_87068.dir/feature_tests.c.o   -c /Users/ntoniolo/base/scop/cJSON/build/CMakeFiles/feature_tests.c
Linking C executable cmTC_87068
/Users/ntoniolo/.brew/Cellar/cmake/3.11.4/bin/cmake -E cmake_link_script CMakeFiles/cmTC_87068.dir/link.txt --verbose=1
/Applications/Xcode.app/Contents/Developer/Toolchains/XcodeDefault.xctoolchain/usr/bin/cc   -Wl,-search_paths_first -Wl,-headerpad_max_install_names   CMakeFiles/cmTC_87068.dir/feature_tests.c.o  -o cmTC_87068 


    Feature record: C_FEATURE:1c_function_prototypes
    Feature record: C_FEATURE:1c_restrict
    Feature record: C_FEATURE:0c_static_assert
    Feature record: C_FEATURE:1c_variadic_macros


Detecting C [-std=c90] compiler features compiled with the following output:
Change Dir: /Users/ntoniolo/base/scop/cJSON/build/CMakeFiles/CMakeTmp

Run Build Command:"/usr/bin/make" "cmTC_c986d/fast"
/Applications/Xcode.app/Contents/Developer/usr/bin/make -f CMakeFiles/cmTC_c986d.dir/build.make CMakeFiles/cmTC_c986d.dir/build
Building C object CMakeFiles/cmTC_c986d.dir/feature_tests.c.o
/Applications/Xcode.app/Contents/Developer/Toolchains/XcodeDefault.xctoolchain/usr/bin/cc   -std=c90 -o CMakeFiles/cmTC_c986d.dir/feature_tests.c.o   -c /Users/ntoniolo/base/scop/cJSON/build/CMakeFiles/feature_tests.c
Linking C executable cmTC_c986d
/Users/ntoniolo/.brew/Cellar/cmake/3.11.4/bin/cmake -E cmake_link_script CMakeFiles/cmTC_c986d.dir/link.txt --verbose=1
/Applications/Xcode.app/Contents/Developer/Toolchains/XcodeDefault.xctoolchain/usr/bin/cc   -Wl,-search_paths_first -Wl,-headerpad_max_install_names   CMakeFiles/cmTC_c986d.dir/feature_tests.c.o  -o cmTC_c986d 


    Feature record: C_FEATURE:1c_function_prototypes
    Feature record: C_FEATURE:0c_restrict
    Feature record: C_FEATURE:0c_static_assert
    Feature record: C_FEATURE:0c_variadic_macros
Performing C SOURCE FILE Test FLAG_SUPPORTED_stdc89 succeeded with the following output:
Change Dir: /Users/ntoniolo/base/scop/cJSON/build/CMakeFiles/CMakeTmp

Run Build Command:"/usr/bin/make" "cmTC_2aaa0/fast"
/Applications/Xcode.app/Contents/Developer/usr/bin/make -f CMakeFiles/cmTC_2aaa0.dir/build.make CMakeFiles/cmTC_2aaa0.dir/build
Building C object CMakeFiles/cmTC_2aaa0.dir/src.c.o
/Applications/Xcode.app/Contents/Developer/Toolchains/XcodeDefault.xctoolchain/usr/bin/cc   -DFLAG_SUPPORTED_stdc89   -std=c89 -o CMakeFiles/cmTC_2aaa0.dir/src.c.o   -c /Users/ntoniolo/base/scop/cJSON/build/CMakeFiles/CMakeTmp/src.c
Linking C executable cmTC_2aaa0
/Users/ntoniolo/.brew/Cellar/cmake/3.11.4/bin/cmake -E cmake_link_script CMakeFiles/cmTC_2aaa0.dir/link.txt --verbose=1
/Applications/Xcode.app/Contents/Developer/Toolchains/XcodeDefault.xctoolchain/usr/bin/cc  -DFLAG_SUPPORTED_stdc89 -Wl,-search_paths_first -Wl,-headerpad_max_install_names   CMakeFiles/cmTC_2aaa0.dir/src.c.o  -o cmTC_2aaa0 

Source file was:
int main(void) { return 0; }
Performing C SOURCE FILE Test FLAG_SUPPORTED_pedantic succeeded with the following output:
Change Dir: /Users/ntoniolo/base/scop/cJSON/build/CMakeFiles/CMakeTmp

Run Build Command:"/usr/bin/make" "cmTC_68644/fast"
/Applications/Xcode.app/Contents/Developer/usr/bin/make -f CMakeFiles/cmTC_68644.dir/build.make CMakeFiles/cmTC_68644.dir/build
Building C object CMakeFiles/cmTC_68644.dir/src.c.o
/Applications/Xcode.app/Contents/Developer/Toolchains/XcodeDefault.xctoolchain/usr/bin/cc   -std=c89 -DFLAG_SUPPORTED_pedantic   -pedantic -o CMakeFiles/cmTC_68644.dir/src.c.o   -c /Users/ntoniolo/base/scop/cJSON/build/CMakeFiles/CMakeTmp/src.c
Linking C executable cmTC_68644
/Users/ntoniolo/.brew/Cellar/cmake/3.11.4/bin/cmake -E cmake_link_script CMakeFiles/cmTC_68644.dir/link.txt --verbose=1
/Applications/Xcode.app/Contents/Developer/Toolchains/XcodeDefault.xctoolchain/usr/bin/cc  -std=c89 -DFLAG_SUPPORTED_pedantic -Wl,-search_paths_first -Wl,-headerpad_max_install_names   CMakeFiles/cmTC_68644.dir/src.c.o  -o cmTC_68644 

Source file was:
int main(void) { return 0; }
Performing C SOURCE FILE Test FLAG_SUPPORTED_Wall succeeded with the following output:
Change Dir: /Users/ntoniolo/base/scop/cJSON/build/CMakeFiles/CMakeTmp

Run Build Command:"/usr/bin/make" "cmTC_0b834/fast"
/Applications/Xcode.app/Contents/Developer/usr/bin/make -f CMakeFiles/cmTC_0b834.dir/build.make CMakeFiles/cmTC_0b834.dir/build
Building C object CMakeFiles/cmTC_0b834.dir/src.c.o
/Applications/Xcode.app/Contents/Developer/Toolchains/XcodeDefault.xctoolchain/usr/bin/cc   -std=c89 -pedantic -DFLAG_SUPPORTED_Wall   -Wall -o CMakeFiles/cmTC_0b834.dir/src.c.o   -c /Users/ntoniolo/base/scop/cJSON/build/CMakeFiles/CMakeTmp/src.c
Linking C executable cmTC_0b834
/Users/ntoniolo/.brew/Cellar/cmake/3.11.4/bin/cmake -E cmake_link_script CMakeFiles/cmTC_0b834.dir/link.txt --verbose=1
/Applications/Xcode.app/Contents/Developer/Toolchains/XcodeDefault.xctoolchain/usr/bin/cc  -std=c89 -pedantic -DFLAG_SUPPORTED_Wall -Wl,-search_paths_first -Wl,-headerpad_max_install_names   CMakeFiles/cmTC_0b834.dir/src.c.o  -o cmTC_0b834 

Source file was:
int main(void) { return 0; }
Performing C SOURCE FILE Test FLAG_SUPPORTED_Wextra succeeded with the following output:
Change Dir: /Users/ntoniolo/base/scop/cJSON/build/CMakeFiles/CMakeTmp

Run Build Command:"/usr/bin/make" "cmTC_16a51/fast"
/Applications/Xcode.app/Contents/Developer/usr/bin/make -f CMakeFiles/cmTC_16a51.dir/build.make CMakeFiles/cmTC_16a51.dir/build
Building C object CMakeFiles/cmTC_16a51.dir/src.c.o
/Applications/Xcode.app/Contents/Developer/Toolchains/XcodeDefault.xctoolchain/usr/bin/cc   -std=c89 -pedantic -Wall -DFLAG_SUPPORTED_Wextra   -Wextra -o CMakeFiles/cmTC_16a51.dir/src.c.o   -c /Users/ntoniolo/base/scop/cJSON/build/CMakeFiles/CMakeTmp/src.c
Linking C executable cmTC_16a51
/Users/ntoniolo/.brew/Cellar/cmake/3.11.4/bin/cmake -E cmake_link_script CMakeFiles/cmTC_16a51.dir/link.txt --verbose=1
/Applications/Xcode.app/Contents/Developer/Toolchains/XcodeDefault.xctoolchain/usr/bin/cc  -std=c89 -pedantic -Wall -DFLAG_SUPPORTED_Wextra -Wl,-search_paths_first -Wl,-headerpad_max_install_names   CMakeFiles/cmTC_16a51.dir/src.c.o  -o cmTC_16a51 

Source file was:
int main(void) { return 0; }
Performing C SOURCE FILE Test FLAG_SUPPORTED_Werror succeeded with the following output:
Change Dir: /Users/ntoniolo/base/scop/cJSON/build/CMakeFiles/CMakeTmp

Run Build Command:"/usr/bin/make" "cmTC_5a377/fast"
/Applications/Xcode.app/Contents/Developer/usr/bin/make -f CMakeFiles/cmTC_5a377.dir/build.make CMakeFiles/cmTC_5a377.dir/build
Building C object CMakeFiles/cmTC_5a377.dir/src.c.o
/Applications/Xcode.app/Contents/Developer/Toolchains/XcodeDefault.xctoolchain/usr/bin/cc   -std=c89 -pedantic -Wall -Wextra -DFLAG_SUPPORTED_Werror   -Werror -o CMakeFiles/cmTC_5a377.dir/src.c.o   -c /Users/ntoniolo/base/scop/cJSON/build/CMakeFiles/CMakeTmp/src.c
Linking C executable cmTC_5a377
/Users/ntoniolo/.brew/Cellar/cmake/3.11.4/bin/cmake -E cmake_link_script CMakeFiles/cmTC_5a377.dir/link.txt --verbose=1
/Applications/Xcode.app/Contents/Developer/Toolchains/XcodeDefault.xctoolchain/usr/bin/cc  -std=c89 -pedantic -Wall -Wextra -DFLAG_SUPPORTED_Werror -Wl,-search_paths_first -Wl,-headerpad_max_install_names   CMakeFiles/cmTC_5a377.dir/src.c.o  -o cmTC_5a377 

Source file was:
int main(void) { return 0; }
Performing C SOURCE FILE Test FLAG_SUPPORTED_Wstrictprototypes succeeded with the following output:
Change Dir: /Users/ntoniolo/base/scop/cJSON/build/CMakeFiles/CMakeTmp

Run Build Command:"/usr/bin/make" "cmTC_25f5a/fast"
/Applications/Xcode.app/Contents/Developer/usr/bin/make -f CMakeFiles/cmTC_25f5a.dir/build.make CMakeFiles/cmTC_25f5a.dir/build
Building C object CMakeFiles/cmTC_25f5a.dir/src.c.o
/Applications/Xcode.app/Contents/Developer/Toolchains/XcodeDefault.xctoolchain/usr/bin/cc   -std=c89 -pedantic -Wall -Wextra -Werror -DFLAG_SUPPORTED_Wstrictprototypes   -Wstrict-prototypes -o CMakeFiles/cmTC_25f5a.dir/src.c.o   -c /Users/ntoniolo/base/scop/cJSON/build/CMakeFiles/CMakeTmp/src.c
Linking C executable cmTC_25f5a
/Users/ntoniolo/.brew/Cellar/cmake/3.11.4/bin/cmake -E cmake_link_script CMakeFiles/cmTC_25f5a.dir/link.txt --verbose=1
/Applications/Xcode.app/Contents/Developer/Toolchains/XcodeDefault.xctoolchain/usr/bin/cc  -std=c89 -pedantic -Wall -Wextra -Werror -DFLAG_SUPPORTED_Wstrictprototypes -Wl,-search_paths_first -Wl,-headerpad_max_install_names   CMakeFiles/cmTC_25f5a.dir/src.c.o  -o cmTC_25f5a 

Source file was:
int main(void) { return 0; }
Performing C SOURCE FILE Test FLAG_SUPPORTED_Wwritestrings succeeded with the following output:
Change Dir: /Users/ntoniolo/base/scop/cJSON/build/CMakeFiles/CMakeTmp

Run Build Command:"/usr/bin/make" "cmTC_476de/fast"
/Applications/Xcode.app/Contents/Developer/usr/bin/make -f CMakeFiles/cmTC_476de.dir/build.make CMakeFiles/cmTC_476de.dir/build
Building C object CMakeFiles/cmTC_476de.dir/src.c.o
/Applications/Xcode.app/Contents/Developer/Toolchains/XcodeDefault.xctoolchain/usr/bin/cc   -std=c89 -pedantic -Wall -Wextra -Werror -Wstrict-prototypes -DFLAG_SUPPORTED_Wwritestrings   -Wwrite-strings -o CMakeFiles/cmTC_476de.dir/src.c.o   -c /Users/ntoniolo/base/scop/cJSON/build/CMakeFiles/CMakeTmp/src.c
Linking C executable cmTC_476de
/Users/ntoniolo/.brew/Cellar/cmake/3.11.4/bin/cmake -E cmake_link_script CMakeFiles/cmTC_476de.dir/link.txt --verbose=1
/Applications/Xcode.app/Contents/Developer/Toolchains/XcodeDefault.xctoolchain/usr/bin/cc  -std=c89 -pedantic -Wall -Wextra -Werror -Wstrict-prototypes -DFLAG_SUPPORTED_Wwritestrings -Wl,-search_paths_first -Wl,-headerpad_max_install_names   CMakeFiles/cmTC_476de.dir/src.c.o  -o cmTC_476de 

Source file was:
int main(void) { return 0; }
Performing C SOURCE FILE Test FLAG_SUPPORTED_Wshadow succeeded with the following output:
Change Dir: /Users/ntoniolo/base/scop/cJSON/build/CMakeFiles/CMakeTmp

Run Build Command:"/usr/bin/make" "cmTC_690e0/fast"
/Applications/Xcode.app/Contents/Developer/usr/bin/make -f CMakeFiles/cmTC_690e0.dir/build.make CMakeFiles/cmTC_690e0.dir/build
Building C object CMakeFiles/cmTC_690e0.dir/src.c.o
/Applications/Xcode.app/Contents/Developer/Toolchains/XcodeDefault.xctoolchain/usr/bin/cc   -std=c89 -pedantic -Wall -Wextra -Werror -Wstrict-prototypes -Wwrite-strings -DFLAG_SUPPORTED_Wshadow   -Wshadow -o CMakeFiles/cmTC_690e0.dir/src.c.o   -c /Users/ntoniolo/base/scop/cJSON/build/CMakeFiles/CMakeTmp/src.c
Linking C executable cmTC_690e0
/Users/ntoniolo/.brew/Cellar/cmake/3.11.4/bin/cmake -E cmake_link_script CMakeFiles/cmTC_690e0.dir/link.txt --verbose=1
/Applications/Xcode.app/Contents/Developer/Toolchains/XcodeDefault.xctoolchain/usr/bin/cc  -std=c89 -pedantic -Wall -Wextra -Werror -Wstrict-prototypes -Wwrite-strings -DFLAG_SUPPORTED_Wshadow -Wl,-search_paths_first -Wl,-headerpad_max_install_names   CMakeFiles/cmTC_690e0.dir/src.c.o  -o cmTC_690e0 

Source file was:
int main(void) { return 0; }
Performing C SOURCE FILE Test FLAG_SUPPORTED_Winitself succeeded with the following output:
Change Dir: /Users/ntoniolo/base/scop/cJSON/build/CMakeFiles/CMakeTmp

Run Build Command:"/usr/bin/make" "cmTC_1dc31/fast"
/Applications/Xcode.app/Contents/Developer/usr/bin/make -f CMakeFiles/cmTC_1dc31.dir/build.make CMakeFiles/cmTC_1dc31.dir/build
Building C object CMakeFiles/cmTC_1dc31.dir/src.c.o
/Applications/Xcode.app/Contents/Developer/Toolchains/XcodeDefault.xctoolchain/usr/bin/cc   -std=c89 -pedantic -Wall -Wextra -Werror -Wstrict-prototypes -Wwrite-strings -Wshadow -DFLAG_SUPPORTED_Winitself   -Winit-self -o CMakeFiles/cmTC_1dc31.dir/src.c.o   -c /Users/ntoniolo/base/scop/cJSON/build/CMakeFiles/CMakeTmp/src.c
Linking C executable cmTC_1dc31
/Users/ntoniolo/.brew/Cellar/cmake/3.11.4/bin/cmake -E cmake_link_script CMakeFiles/cmTC_1dc31.dir/link.txt --verbose=1
/Applications/Xcode.app/Contents/Developer/Toolchains/XcodeDefault.xctoolchain/usr/bin/cc  -std=c89 -pedantic -Wall -Wextra -Werror -Wstrict-prototypes -Wwrite-strings -Wshadow -DFLAG_SUPPORTED_Winitself -Wl,-search_paths_first -Wl,-headerpad_max_install_names   CMakeFiles/cmTC_1dc31.dir/src.c.o  -o cmTC_1dc31 

Source file was:
int main(void) { return 0; }
Performing C SOURCE FILE Test FLAG_SUPPORTED_Wcastalign succeeded with the following output:
Change Dir: /Users/ntoniolo/base/scop/cJSON/build/CMakeFiles/CMakeTmp

Run Build Command:"/usr/bin/make" "cmTC_acb63/fast"
/Applications/Xcode.app/Contents/Developer/usr/bin/make -f CMakeFiles/cmTC_acb63.dir/build.make CMakeFiles/cmTC_acb63.dir/build
Building C object CMakeFiles/cmTC_acb63.dir/src.c.o
/Applications/Xcode.app/Contents/Developer/Toolchains/XcodeDefault.xctoolchain/usr/bin/cc   -std=c89 -pedantic -Wall -Wextra -Werror -Wstrict-prototypes -Wwrite-strings -Wshadow -Winit-self -DFLAG_SUPPORTED_Wcastalign   -Wcast-align -o CMakeFiles/cmTC_acb63.dir/src.c.o   -c /Users/ntoniolo/base/scop/cJSON/build/CMakeFiles/CMakeTmp/src.c
Linking C executable cmTC_acb63
/Users/ntoniolo/.brew/Cellar/cmake/3.11.4/bin/cmake -E cmake_link_script CMakeFiles/cmTC_acb63.dir/link.txt --verbose=1
/Applications/Xcode.app/Contents/Developer/Toolchains/XcodeDefault.xctoolchain/usr/bin/cc  -std=c89 -pedantic -Wall -Wextra -Werror -Wstrict-prototypes -Wwrite-strings -Wshadow -Winit-self -DFLAG_SUPPORTED_Wcastalign -Wl,-search_paths_first -Wl,-headerpad_max_install_names   CMakeFiles/cmTC_acb63.dir/src.c.o  -o cmTC_acb63 

Source file was:
int main(void) { return 0; }
Performing C SOURCE FILE Test FLAG_SUPPORTED_Wformat2 succeeded with the following output:
Change Dir: /Users/ntoniolo/base/scop/cJSON/build/CMakeFiles/CMakeTmp

Run Build Command:"/usr/bin/make" "cmTC_be971/fast"
/Applications/Xcode.app/Contents/Developer/usr/bin/make -f CMakeFiles/cmTC_be971.dir/build.make CMakeFiles/cmTC_be971.dir/build
Building C object CMakeFiles/cmTC_be971.dir/src.c.o
/Applications/Xcode.app/Contents/Developer/Toolchains/XcodeDefault.xctoolchain/usr/bin/cc   -std=c89 -pedantic -Wall -Wextra -Werror -Wstrict-prototypes -Wwrite-strings -Wshadow -Winit-self -Wcast-align -DFLAG_SUPPORTED_Wformat2   -Wformat=2 -o CMakeFiles/cmTC_be971.dir/src.c.o   -c /Users/ntoniolo/base/scop/cJSON/build/CMakeFiles/CMakeTmp/src.c
Linking C executable cmTC_be971
/Users/ntoniolo/.brew/Cellar/cmake/3.11.4/bin/cmake -E cmake_link_script CMakeFiles/cmTC_be971.dir/link.txt --verbose=1
/Applications/Xcode.app/Contents/Developer/Toolchains/XcodeDefault.xctoolchain/usr/bin/cc  -std=c89 -pedantic -Wall -Wextra -Werror -Wstrict-prototypes -Wwrite-strings -Wshadow -Winit-self -Wcast-align -DFLAG_SUPPORTED_Wformat2 -Wl,-search_paths_first -Wl,-headerpad_max_install_names   CMakeFiles/cmTC_be971.dir/src.c.o  -o cmTC_be971 

Source file was:
int main(void) { return 0; }
Performing C SOURCE FILE Test FLAG_SUPPORTED_Wmissingprototypes succeeded with the following output:
Change Dir: /Users/ntoniolo/base/scop/cJSON/build/CMakeFiles/CMakeTmp

Run Build Command:"/usr/bin/make" "cmTC_4075e/fast"
/Applications/Xcode.app/Contents/Developer/usr/bin/make -f CMakeFiles/cmTC_4075e.dir/build.make CMakeFiles/cmTC_4075e.dir/build
Building C object CMakeFiles/cmTC_4075e.dir/src.c.o
/Applications/Xcode.app/Contents/Developer/Toolchains/XcodeDefault.xctoolchain/usr/bin/cc   -std=c89 -pedantic -Wall -Wextra -Werror -Wstrict-prototypes -Wwrite-strings -Wshadow -Winit-self -Wcast-align -Wformat=2 -DFLAG_SUPPORTED_Wmissingprototypes   -Wmissing-prototypes -o CMakeFiles/cmTC_4075e.dir/src.c.o   -c /Users/ntoniolo/base/scop/cJSON/build/CMakeFiles/CMakeTmp/src.c
Linking C executable cmTC_4075e
/Users/ntoniolo/.brew/Cellar/cmake/3.11.4/bin/cmake -E cmake_link_script CMakeFiles/cmTC_4075e.dir/link.txt --verbose=1
/Applications/Xcode.app/Contents/Developer/Toolchains/XcodeDefault.xctoolchain/usr/bin/cc  -std=c89 -pedantic -Wall -Wextra -Werror -Wstrict-prototypes -Wwrite-strings -Wshadow -Winit-self -Wcast-align -Wformat=2 -DFLAG_SUPPORTED_Wmissingprototypes -Wl,-search_paths_first -Wl,-headerpad_max_install_names   CMakeFiles/cmTC_4075e.dir/src.c.o  -o cmTC_4075e 

Source file was:
int main(void) { return 0; }
Performing C SOURCE FILE Test FLAG_SUPPORTED_Wstrictoverflow2 succeeded with the following output:
Change Dir: /Users/ntoniolo/base/scop/cJSON/build/CMakeFiles/CMakeTmp

Run Build Command:"/usr/bin/make" "cmTC_74b10/fast"
/Applications/Xcode.app/Contents/Developer/usr/bin/make -f CMakeFiles/cmTC_74b10.dir/build.make CMakeFiles/cmTC_74b10.dir/build
Building C object CMakeFiles/cmTC_74b10.dir/src.c.o
/Applications/Xcode.app/Contents/Developer/Toolchains/XcodeDefault.xctoolchain/usr/bin/cc   -std=c89 -pedantic -Wall -Wextra -Werror -Wstrict-prototypes -Wwrite-strings -Wshadow -Winit-self -Wcast-align -Wformat=2 -Wmissing-prototypes -DFLAG_SUPPORTED_Wstrictoverflow2   -Wstrict-overflow=2 -o CMakeFiles/cmTC_74b10.dir/src.c.o   -c /Users/ntoniolo/base/scop/cJSON/build/CMakeFiles/CMakeTmp/src.c
Linking C executable cmTC_74b10
/Users/ntoniolo/.brew/Cellar/cmake/3.11.4/bin/cmake -E cmake_link_script CMakeFiles/cmTC_74b10.dir/link.txt --verbose=1
/Applications/Xcode.app/Contents/Developer/Toolchains/XcodeDefault.xctoolchain/usr/bin/cc  -std=c89 -pedantic -Wall -Wextra -Werror -Wstrict-prototypes -Wwrite-strings -Wshadow -Winit-self -Wcast-align -Wformat=2 -Wmissing-prototypes -DFLAG_SUPPORTED_Wstrictoverflow2 -Wl,-search_paths_first -Wl,-headerpad_max_install_names   CMakeFiles/cmTC_74b10.dir/src.c.o  -o cmTC_74b10 

Source file was:
int main(void) { return 0; }
Performing C SOURCE FILE Test FLAG_SUPPORTED_Wcastqual succeeded with the following output:
Change Dir: /Users/ntoniolo/base/scop/cJSON/build/CMakeFiles/CMakeTmp

Run Build Command:"/usr/bin/make" "cmTC_fa237/fast"
/Applications/Xcode.app/Contents/Developer/usr/bin/make -f CMakeFiles/cmTC_fa237.dir/build.make CMakeFiles/cmTC_fa237.dir/build
Building C object CMakeFiles/cmTC_fa237.dir/src.c.o
/Applications/Xcode.app/Contents/Developer/Toolchains/XcodeDefault.xctoolchain/usr/bin/cc   -std=c89 -pedantic -Wall -Wextra -Werror -Wstrict-prototypes -Wwrite-strings -Wshadow -Winit-self -Wcast-align -Wformat=2 -Wmissing-prototypes -Wstrict-overflow=2 -DFLAG_SUPPORTED_Wcastqual   -Wcast-qual -o CMakeFiles/cmTC_fa237.dir/src.c.o   -c /Users/ntoniolo/base/scop/cJSON/build/CMakeFiles/CMakeTmp/src.c
Linking C executable cmTC_fa237
/Users/ntoniolo/.brew/Cellar/cmake/3.11.4/bin/cmake -E cmake_link_script CMakeFiles/cmTC_fa237.dir/link.txt --verbose=1
/Applications/Xcode.app/Contents/Developer/Toolchains/XcodeDefault.xctoolchain/usr/bin/cc  -std=c89 -pedantic -Wall -Wextra -Werror -Wstrict-prototypes -Wwrite-strings -Wshadow -Winit-self -Wcast-align -Wformat=2 -Wmissing-prototypes -Wstrict-overflow=2 -DFLAG_SUPPORTED_Wcastqual -Wl,-search_paths_first -Wl,-headerpad_max_install_names   CMakeFiles/cmTC_fa237.dir/src.c.o  -o cmTC_fa237 

Source file was:
int main(void) { return 0; }
Performing C SOURCE FILE Test FLAG_SUPPORTED_Wundef succeeded with the following output:
Change Dir: /Users/ntoniolo/base/scop/cJSON/build/CMakeFiles/CMakeTmp

Run Build Command:"/usr/bin/make" "cmTC_731cc/fast"
/Applications/Xcode.app/Contents/Developer/usr/bin/make -f CMakeFiles/cmTC_731cc.dir/build.make CMakeFiles/cmTC_731cc.dir/build
Building C object CMakeFiles/cmTC_731cc.dir/src.c.o
/Applications/Xcode.app/Contents/Developer/Toolchains/XcodeDefault.xctoolchain/usr/bin/cc   -std=c89 -pedantic -Wall -Wextra -Werror -Wstrict-prototypes -Wwrite-strings -Wshadow -Winit-self -Wcast-align -Wformat=2 -Wmissing-prototypes -Wstrict-overflow=2 -Wcast-qual -DFLAG_SUPPORTED_Wundef   -Wundef -o CMakeFiles/cmTC_731cc.dir/src.c.o   -c /Users/ntoniolo/base/scop/cJSON/build/CMakeFiles/CMakeTmp/src.c
Linking C executable cmTC_731cc
/Users/ntoniolo/.brew/Cellar/cmake/3.11.4/bin/cmake -E cmake_link_script CMakeFiles/cmTC_731cc.dir/link.txt --verbose=1
/Applications/Xcode.app/Contents/Developer/Toolchains/XcodeDefault.xctoolchain/usr/bin/cc  -std=c89 -pedantic -Wall -Wextra -Werror -Wstrict-prototypes -Wwrite-strings -Wshadow -Winit-self -Wcast-align -Wformat=2 -Wmissing-prototypes -Wstrict-overflow=2 -Wcast-qual -DFLAG_SUPPORTED_Wundef -Wl,-search_paths_first -Wl,-headerpad_max_install_names   CMakeFiles/cmTC_731cc.dir/src.c.o  -o cmTC_731cc 

Source file was:
int main(void) { return 0; }
Performing C SOURCE FILE Test FLAG_SUPPORTED_Wswitchdefault succeeded with the following output:
Change Dir: /Users/ntoniolo/base/scop/cJSON/build/CMakeFiles/CMakeTmp

Run Build Command:"/usr/bin/make" "cmTC_0d6bc/fast"
/Applications/Xcode.app/Contents/Developer/usr/bin/make -f CMakeFiles/cmTC_0d6bc.dir/build.make CMakeFiles/cmTC_0d6bc.dir/build
Building C object CMakeFiles/cmTC_0d6bc.dir/src.c.o
/Applications/Xcode.app/Contents/Developer/Toolchains/XcodeDefault.xctoolchain/usr/bin/cc   -std=c89 -pedantic -Wall -Wextra -Werror -Wstrict-prototypes -Wwrite-strings -Wshadow -Winit-self -Wcast-align -Wformat=2 -Wmissing-prototypes -Wstrict-overflow=2 -Wcast-qual -Wundef -DFLAG_SUPPORTED_Wswitchdefault   -Wswitch-default -o CMakeFiles/cmTC_0d6bc.dir/src.c.o   -c /Users/ntoniolo/base/scop/cJSON/build/CMakeFiles/CMakeTmp/src.c
Linking C executable cmTC_0d6bc
/Users/ntoniolo/.brew/Cellar/cmake/3.11.4/bin/cmake -E cmake_link_script CMakeFiles/cmTC_0d6bc.dir/link.txt --verbose=1
/Applications/Xcode.app/Contents/Developer/Toolchains/XcodeDefault.xctoolchain/usr/bin/cc  -std=c89 -pedantic -Wall -Wextra -Werror -Wstrict-prototypes -Wwrite-strings -Wshadow -Winit-self -Wcast-align -Wformat=2 -Wmissing-prototypes -Wstrict-overflow=2 -Wcast-qual -Wundef -DFLAG_SUPPORTED_Wswitchdefault -Wl,-search_paths_first -Wl,-headerpad_max_install_names   CMakeFiles/cmTC_0d6bc.dir/src.c.o  -o cmTC_0d6bc 

Source file was:
int main(void) { return 0; }
Performing C SOURCE FILE Test FLAG_SUPPORTED_Wconversion succeeded with the following output:
Change Dir: /Users/ntoniolo/base/scop/cJSON/build/CMakeFiles/CMakeTmp

Run Build Command:"/usr/bin/make" "cmTC_7aeed/fast"
/Applications/Xcode.app/Contents/Developer/usr/bin/make -f CMakeFiles/cmTC_7aeed.dir/build.make CMakeFiles/cmTC_7aeed.dir/build
Building C object CMakeFiles/cmTC_7aeed.dir/src.c.o
/Applications/Xcode.app/Contents/Developer/Toolchains/XcodeDefault.xctoolchain/usr/bin/cc   -std=c89 -pedantic -Wall -Wextra -Werror -Wstrict-prototypes -Wwrite-strings -Wshadow -Winit-self -Wcast-align -Wformat=2 -Wmissing-prototypes -Wstrict-overflow=2 -Wcast-qual -Wundef -Wswitch-default -DFLAG_SUPPORTED_Wconversion   -Wconversion -o CMakeFiles/cmTC_7aeed.dir/src.c.o   -c /Users/ntoniolo/base/scop/cJSON/build/CMakeFiles/CMakeTmp/src.c
Linking C executable cmTC_7aeed
/Users/ntoniolo/.brew/Cellar/cmake/3.11.4/bin/cmake -E cmake_link_script CMakeFiles/cmTC_7aeed.dir/link.txt --verbose=1
/Applications/Xcode.app/Contents/Developer/Toolchains/XcodeDefault.xctoolchain/usr/bin/cc  -std=c89 -pedantic -Wall -Wextra -Werror -Wstrict-prototypes -Wwrite-strings -Wshadow -Winit-self -Wcast-align -Wformat=2 -Wmissing-prototypes -Wstrict-overflow=2 -Wcast-qual -Wundef -Wswitch-default -DFLAG_SUPPORTED_Wconversion -Wl,-search_paths_first -Wl,-headerpad_max_install_names   CMakeFiles/cmTC_7aeed.dir/src.c.o  -o cmTC_7aeed 

Source file was:
int main(void) { return 0; }
Performing C SOURCE FILE Test FLAG_SUPPORTED_Wccompat succeeded with the following output:
Change Dir: /Users/ntoniolo/base/scop/cJSON/build/CMakeFiles/CMakeTmp

Run Build Command:"/usr/bin/make" "cmTC_c2ab1/fast"
/Applications/Xcode.app/Contents/Developer/usr/bin/make -f CMakeFiles/cmTC_c2ab1.dir/build.make CMakeFiles/cmTC_c2ab1.dir/build
Building C object CMakeFiles/cmTC_c2ab1.dir/src.c.o
/Applications/Xcode.app/Contents/Developer/Toolchains/XcodeDefault.xctoolchain/usr/bin/cc   -std=c89 -pedantic -Wall -Wextra -Werror -Wstrict-prototypes -Wwrite-strings -Wshadow -Winit-self -Wcast-align -Wformat=2 -Wmissing-prototypes -Wstrict-overflow=2 -Wcast-qual -Wundef -Wswitch-default -Wconversion -DFLAG_SUPPORTED_Wccompat   -Wc++-compat -o CMakeFiles/cmTC_c2ab1.dir/src.c.o   -c /Users/ntoniolo/base/scop/cJSON/build/CMakeFiles/CMakeTmp/src.c
Linking C executable cmTC_c2ab1
/Users/ntoniolo/.brew/Cellar/cmake/3.11.4/bin/cmake -E cmake_link_script CMakeFiles/cmTC_c2ab1.dir/link.txt --verbose=1
/Applications/Xcode.app/Contents/Developer/Toolchains/XcodeDefault.xctoolchain/usr/bin/cc  -std=c89 -pedantic -Wall -Wextra -Werror -Wstrict-prototypes -Wwrite-strings -Wshadow -Winit-self -Wcast-align -Wformat=2 -Wmissing-prototypes -Wstrict-overflow=2 -Wcast-qual -Wundef -Wswitch-default -Wconversion -DFLAG_SUPPORTED_Wccompat -Wl,-search_paths_first -Wl,-headerpad_max_install_names   CMakeFiles/cmTC_c2ab1.dir/src.c.o  -o cmTC_c2ab1 

Source file was:
int main(void) { return 0; }
Performing C SOURCE FILE Test FLAG_SUPPORTED_fstackprotectorstrong succeeded with the following output:
Change Dir: /Users/ntoniolo/base/scop/cJSON/build/CMakeFiles/CMakeTmp

Run Build Command:"/usr/bin/make" "cmTC_0c7e2/fast"
/Applications/Xcode.app/Contents/Developer/usr/bin/make -f CMakeFiles/cmTC_0c7e2.dir/build.make CMakeFiles/cmTC_0c7e2.dir/build
Building C object CMakeFiles/cmTC_0c7e2.dir/src.c.o
/Applications/Xcode.app/Contents/Developer/Toolchains/XcodeDefault.xctoolchain/usr/bin/cc   -std=c89 -pedantic -Wall -Wextra -Werror -Wstrict-prototypes -Wwrite-strings -Wshadow -Winit-self -Wcast-align -Wformat=2 -Wmissing-prototypes -Wstrict-overflow=2 -Wcast-qual -Wundef -Wswitch-default -Wconversion -Wc++-compat -DFLAG_SUPPORTED_fstackprotectorstrong   -fstack-protector-strong -o CMakeFiles/cmTC_0c7e2.dir/src.c.o   -c /Users/ntoniolo/base/scop/cJSON/build/CMakeFiles/CMakeTmp/src.c
Linking C executable cmTC_0c7e2
/Users/ntoniolo/.brew/Cellar/cmake/3.11.4/bin/cmake -E cmake_link_script CMakeFiles/cmTC_0c7e2.dir/link.txt --verbose=1
/Applications/Xcode.app/Contents/Developer/Toolchains/XcodeDefault.xctoolchain/usr/bin/cc  -std=c89 -pedantic -Wall -Wextra -Werror -Wstrict-prototypes -Wwrite-strings -Wshadow -Winit-self -Wcast-align -Wformat=2 -Wmissing-prototypes -Wstrict-overflow=2 -Wcast-qual -Wundef -Wswitch-default -Wconversion -Wc++-compat -DFLAG_SUPPORTED_fstackprotectorstrong -Wl,-search_paths_first -Wl,-headerpad_max_install_names   CMakeFiles/cmTC_0c7e2.dir/src.c.o  -o cmTC_0c7e2 

Source file was:
int main(void) { return 0; }
Performing C SOURCE FILE Test FLAG_SUPPORTED_Wcomma succeeded with the following output:
Change Dir: /Users/ntoniolo/base/scop/cJSON/build/CMakeFiles/CMakeTmp

Run Build Command:"/usr/bin/make" "cmTC_4124c/fast"
/Applications/Xcode.app/Contents/Developer/usr/bin/make -f CMakeFiles/cmTC_4124c.dir/build.make CMakeFiles/cmTC_4124c.dir/build
Building C object CMakeFiles/cmTC_4124c.dir/src.c.o
/Applications/Xcode.app/Contents/Developer/Toolchains/XcodeDefault.xctoolchain/usr/bin/cc   -std=c89 -pedantic -Wall -Wextra -Werror -Wstrict-prototypes -Wwrite-strings -Wshadow -Winit-self -Wcast-align -Wformat=2 -Wmissing-prototypes -Wstrict-overflow=2 -Wcast-qual -Wundef -Wswitch-default -Wconversion -Wc++-compat -fstack-protector-strong -DFLAG_SUPPORTED_Wcomma   -Wcomma -o CMakeFiles/cmTC_4124c.dir/src.c.o   -c /Users/ntoniolo/base/scop/cJSON/build/CMakeFiles/CMakeTmp/src.c
Linking C executable cmTC_4124c
/Users/ntoniolo/.brew/Cellar/cmake/3.11.4/bin/cmake -E cmake_link_script CMakeFiles/cmTC_4124c.dir/link.txt --verbose=1
/Applications/Xcode.app/Contents/Developer/Toolchains/XcodeDefault.xctoolchain/usr/bin/cc  -std=c89 -pedantic -Wall -Wextra -Werror -Wstrict-prototypes -Wwrite-strings -Wshadow -Winit-self -Wcast-align -Wformat=2 -Wmissing-prototypes -Wstrict-overflow=2 -Wcast-qual -Wundef -Wswitch-default -Wconversion -Wc++-compat -fstack-protector-strong -DFLAG_SUPPORTED_Wcomma -Wl,-search_paths_first -Wl,-headerpad_max_install_names   CMakeFiles/cmTC_4124c.dir/src.c.o  -o cmTC_4124c 

Source file was:
int main(void) { return 0; }
Performing C SOURCE FILE Test FLAG_SUPPORTED_Wdoublepromotion succeeded with the following output:
Change Dir: /Users/ntoniolo/base/scop/cJSON/build/CMakeFiles/CMakeTmp

Run Build Command:"/usr/bin/make" "cmTC_ef895/fast"
/Applications/Xcode.app/Contents/Developer/usr/bin/make -f CMakeFiles/cmTC_ef895.dir/build.make CMakeFiles/cmTC_ef895.dir/build
Building C object CMakeFiles/cmTC_ef895.dir/src.c.o
/Applications/Xcode.app/Contents/Developer/Toolchains/XcodeDefault.xctoolchain/usr/bin/cc   -std=c89 -pedantic -Wall -Wextra -Werror -Wstrict-prototypes -Wwrite-strings -Wshadow -Winit-self -Wcast-align -Wformat=2 -Wmissing-prototypes -Wstrict-overflow=2 -Wcast-qual -Wundef -Wswitch-default -Wconversion -Wc++-compat -fstack-protector-strong -Wcomma -DFLAG_SUPPORTED_Wdoublepromotion   -Wdouble-promotion -o CMakeFiles/cmTC_ef895.dir/src.c.o   -c /Users/ntoniolo/base/scop/cJSON/build/CMakeFiles/CMakeTmp/src.c
Linking C executable cmTC_ef895
/Users/ntoniolo/.brew/Cellar/cmake/3.11.4/bin/cmake -E cmake_link_script CMakeFiles/cmTC_ef895.dir/link.txt --verbose=1
/Applications/Xcode.app/Contents/Developer/Toolchains/XcodeDefault.xctoolchain/usr/bin/cc  -std=c89 -pedantic -Wall -Wextra -Werror -Wstrict-prototypes -Wwrite-strings -Wshadow -Winit-self -Wcast-align -Wformat=2 -Wmissing-prototypes -Wstrict-overflow=2 -Wcast-qual -Wundef -Wswitch-default -Wconversion -Wc++-compat -fstack-protector-strong -Wcomma -DFLAG_SUPPORTED_Wdoublepromotion -Wl,-search_paths_first -Wl,-headerpad_max_install_names   CMakeFiles/cmTC_ef895.dir/src.c.o  -o cmTC_ef895 

Source file was:
int main(void) { return 0; }
Performing C SOURCE FILE Test FLAG_SUPPORTED_Wparentheses succeeded with the following output:
Change Dir: /Users/ntoniolo/base/scop/cJSON/build/CMakeFiles/CMakeTmp

Run Build Command:"/usr/bin/make" "cmTC_e533c/fast"
/Applications/Xcode.app/Contents/Developer/usr/bin/make -f CMakeFiles/cmTC_e533c.dir/build.make CMakeFiles/cmTC_e533c.dir/build
Building C object CMakeFiles/cmTC_e533c.dir/src.c.o
/Applications/Xcode.app/Contents/Developer/Toolchains/XcodeDefault.xctoolchain/usr/bin/cc   -std=c89 -pedantic -Wall -Wextra -Werror -Wstrict-prototypes -Wwrite-strings -Wshadow -Winit-self -Wcast-align -Wformat=2 -Wmissing-prototypes -Wstrict-overflow=2 -Wcast-qual -Wundef -Wswitch-default -Wconversion -Wc++-compat -fstack-protector-strong -Wcomma -Wdouble-promotion -DFLAG_SUPPORTED_Wparentheses   -Wparentheses -o CMakeFiles/cmTC_e533c.dir/src.c.o   -c /Users/ntoniolo/base/scop/cJSON/build/CMakeFiles/CMakeTmp/src.c
Linking C executable cmTC_e533c
/Users/ntoniolo/.brew/Cellar/cmake/3.11.4/bin/cmake -E cmake_link_script CMakeFiles/cmTC_e533c.dir/link.txt --verbose=1
/Applications/Xcode.app/Contents/Developer/Toolchains/XcodeDefault.xctoolchain/usr/bin/cc  -std=c89 -pedantic -Wall -Wextra -Werror -Wstrict-prototypes -Wwrite-strings -Wshadow -Winit-self -Wcast-align -Wformat=2 -Wmissing-prototypes -Wstrict-overflow=2 -Wcast-qual -Wundef -Wswitch-default -Wconversion -Wc++-compat -fstack-protector-strong -Wcomma -Wdouble-promotion -DFLAG_SUPPORTED_Wparentheses -Wl,-search_paths_first -Wl,-headerpad_max_install_names   CMakeFiles/cmTC_e533c.dir/src.c.o  -o cmTC_e533c 

Source file was:
int main(void) { return 0; }
Performing C SOURCE FILE Test FLAG_SUPPORTED_Wunusedmacros succeeded with the following output:
Change Dir: /Users/ntoniolo/base/scop/cJSON/build/CMakeFiles/CMakeTmp

Run Build Command:"/usr/bin/make" "cmTC_c6962/fast"
/Applications/Xcode.app/Contents/Developer/usr/bin/make -f CMakeFiles/cmTC_c6962.dir/build.make CMakeFiles/cmTC_c6962.dir/build
Building C object CMakeFiles/cmTC_c6962.dir/src.c.o
/Applications/Xcode.app/Contents/Developer/Toolchains/XcodeDefault.xctoolchain/usr/bin/cc   -std=c89 -pedantic -Wall -Wextra -Werror -Wstrict-prototypes -Wwrite-strings -Wshadow -Winit-self -Wcast-align -Wformat=2 -Wmissing-prototypes -Wstrict-overflow=2 -Wcast-qual -Wundef -Wswitch-default -Wconversion -Wc++-compat -fstack-protector-strong -Wcomma -Wdouble-promotion -Wparentheses -DFLAG_SUPPORTED_Wunusedmacros   -Wunused-macros -o CMakeFiles/cmTC_c6962.dir/src.c.o   -c /Users/ntoniolo/base/scop/cJSON/build/CMakeFiles/CMakeTmp/src.c
Linking C executable cmTC_c6962
/Users/ntoniolo/.brew/Cellar/cmake/3.11.4/bin/cmake -E cmake_link_script CMakeFiles/cmTC_c6962.dir/link.txt --verbose=1
/Applications/Xcode.app/Contents/Developer/Toolchains/XcodeDefault.xctoolchain/usr/bin/cc  -std=c89 -pedantic -Wall -Wextra -Werror -Wstrict-prototypes -Wwrite-strings -Wshadow -Winit-self -Wcast-align -Wformat=2 -Wmissing-prototypes -Wstrict-overflow=2 -Wcast-qual -Wundef -Wswitch-default -Wconversion -Wc++-compat -fstack-protector-strong -Wcomma -Wdouble-promotion -Wparentheses -DFLAG_SUPPORTED_Wunusedmacros -Wl,-search_paths_first -Wl,-headerpad_max_install_names   CMakeFiles/cmTC_c6962.dir/src.c.o  -o cmTC_c6962 

Source file was:
int main(void) { return 0; }
Performing C SOURCE FILE Test FLAG_SUPPORTED_Wmissingvariabledeclarations succeeded with the following output:
Change Dir: /Users/ntoniolo/base/scop/cJSON/build/CMakeFiles/CMakeTmp

Run Build Command:"/usr/bin/make" "cmTC_82624/fast"
/Applications/Xcode.app/Contents/Developer/usr/bin/make -f CMakeFiles/cmTC_82624.dir/build.make CMakeFiles/cmTC_82624.dir/build
Building C object CMakeFiles/cmTC_82624.dir/src.c.o
/Applications/Xcode.app/Contents/Developer/Toolchains/XcodeDefault.xctoolchain/usr/bin/cc   -std=c89 -pedantic -Wall -Wextra -Werror -Wstrict-prototypes -Wwrite-strings -Wshadow -Winit-self -Wcast-align -Wformat=2 -Wmissing-prototypes -Wstrict-overflow=2 -Wcast-qual -Wundef -Wswitch-default -Wconversion -Wc++-compat -fstack-protector-strong -Wcomma -Wdouble-promotion -Wparentheses -Wunused-macros -DFLAG_SUPPORTED_Wmissingvariabledeclarations   -Wmissing-variable-declarations -o CMakeFiles/cmTC_82624.dir/src.c.o   -c /Users/ntoniolo/base/scop/cJSON/build/CMakeFiles/CMakeTmp/src.c
Linking C executable cmTC_82624
/Users/ntoniolo/.brew/Cellar/cmake/3.11.4/bin/cmake -E cmake_link_script CMakeFiles/cmTC_82624.dir/link.txt --verbose=1
/Applications/Xcode.app/Contents/Developer/Toolchains/XcodeDefault.xctoolchain/usr/bin/cc  -std=c89 -pedantic -Wall -Wextra -Werror -Wstrict-prototypes -Wwrite-strings -Wshadow -Winit-self -Wcast-align -Wformat=2 -Wmissing-prototypes -Wstrict-overflow=2 -Wcast-qual -Wundef -Wswitch-default -Wconversion -Wc++-compat -fstack-protector-strong -Wcomma -Wdouble-promotion -Wparentheses -Wunused-macros -DFLAG_SUPPORTED_Wmissingvariabledeclarations -Wl,-search_paths_first -Wl,-headerpad_max_install_names   CMakeFiles/cmTC_82624.dir/src.c.o  -o cmTC_82624 

Source file was:
int main(void) { return 0; }
Performing C SOURCE FILE Test FLAG_SUPPORTED_Wusedbutmarkedunused succeeded with the following output:
Change Dir: /Users/ntoniolo/base/scop/cJSON/build/CMakeFiles/CMakeTmp

Run Build Command:"/usr/bin/make" "cmTC_3a0d6/fast"
/Applications/Xcode.app/Contents/Developer/usr/bin/make -f CMakeFiles/cmTC_3a0d6.dir/build.make CMakeFiles/cmTC_3a0d6.dir/build
Building C object CMakeFiles/cmTC_3a0d6.dir/src.c.o
/Applications/Xcode.app/Contents/Developer/Toolchains/XcodeDefault.xctoolchain/usr/bin/cc   -std=c89 -pedantic -Wall -Wextra -Werror -Wstrict-prototypes -Wwrite-strings -Wshadow -Winit-self -Wcast-align -Wformat=2 -Wmissing-prototypes -Wstrict-overflow=2 -Wcast-qual -Wundef -Wswitch-default -Wconversion -Wc++-compat -fstack-protector-strong -Wcomma -Wdouble-promotion -Wparentheses -Wunused-macros -Wmissing-variable-declarations -DFLAG_SUPPORTED_Wusedbutmarkedunused   -Wused-but-marked-unused -o CMakeFiles/cmTC_3a0d6.dir/src.c.o   -c /Users/ntoniolo/base/scop/cJSON/build/CMakeFiles/CMakeTmp/src.c
Linking C executable cmTC_3a0d6
/Users/ntoniolo/.brew/Cellar/cmake/3.11.4/bin/cmake -E cmake_link_script CMakeFiles/cmTC_3a0d6.dir/link.txt --verbose=1
/Applications/Xcode.app/Contents/Developer/Toolchains/XcodeDefault.xctoolchain/usr/bin/cc  -std=c89 -pedantic -Wall -Wextra -Werror -Wstrict-prototypes -Wwrite-strings -Wshadow -Winit-self -Wcast-align -Wformat=2 -Wmissing-prototypes -Wstrict-overflow=2 -Wcast-qual -Wundef -Wswitch-default -Wconversion -Wc++-compat -fstack-protector-strong -Wcomma -Wdouble-promotion -Wparentheses -Wunused-macros -Wmissing-variable-declarations -DFLAG_SUPPORTED_Wusedbutmarkedunused -Wl,-search_paths_first -Wl,-headerpad_max_install_names   CMakeFiles/cmTC_3a0d6.dir/src.c.o  -o cmTC_3a0d6 

Source file was:
int main(void) { return 0; }
Performing C SOURCE FILE Test FLAG_SUPPORTED_Wswitchenum succeeded with the following output:
Change Dir: /Users/ntoniolo/base/scop/cJSON/build/CMakeFiles/CMakeTmp

Run Build Command:"/usr/bin/make" "cmTC_b87bb/fast"
/Applications/Xcode.app/Contents/Developer/usr/bin/make -f CMakeFiles/cmTC_b87bb.dir/build.make CMakeFiles/cmTC_b87bb.dir/build
Building C object CMakeFiles/cmTC_b87bb.dir/src.c.o
/Applications/Xcode.app/Contents/Developer/Toolchains/XcodeDefault.xctoolchain/usr/bin/cc   -std=c89 -pedantic -Wall -Wextra -Werror -Wstrict-prototypes -Wwrite-strings -Wshadow -Winit-self -Wcast-align -Wformat=2 -Wmissing-prototypes -Wstrict-overflow=2 -Wcast-qual -Wundef -Wswitch-default -Wconversion -Wc++-compat -fstack-protector-strong -Wcomma -Wdouble-promotion -Wparentheses -Wunused-macros -Wmissing-variable-declarations -Wused-but-marked-unused -DFLAG_SUPPORTED_Wswitchenum   -Wswitch-enum -o CMakeFiles/cmTC_b87bb.dir/src.c.o   -c /Users/ntoniolo/base/scop/cJSON/build/CMakeFiles/CMakeTmp/src.c
Linking C executable cmTC_b87bb
/Users/ntoniolo/.brew/Cellar/cmake/3.11.4/bin/cmake -E cmake_link_script CMakeFiles/cmTC_b87bb.dir/link.txt --verbose=1
/Applications/Xcode.app/Contents/Developer/Toolchains/XcodeDefault.xctoolchain/usr/bin/cc  -std=c89 -pedantic -Wall -Wextra -Werror -Wstrict-prototypes -Wwrite-strings -Wshadow -Winit-self -Wcast-align -Wformat=2 -Wmissing-prototypes -Wstrict-overflow=2 -Wcast-qual -Wundef -Wswitch-default -Wconversion -Wc++-compat -fstack-protector-strong -Wcomma -Wdouble-promotion -Wparentheses -Wunused-macros -Wmissing-variable-declarations -Wused-but-marked-unused -DFLAG_SUPPORTED_Wswitchenum -Wl,-search_paths_first -Wl,-headerpad_max_install_names   CMakeFiles/cmTC_b87bb.dir/src.c.o  -o cmTC_b87bb 

Source file was:
int main(void) { return 0; }
Performing C SOURCE FILE Test FLAG_SUPPORTED_fvisibilityhidden succeeded with the following output:
Change Dir: /Users/ntoniolo/base/scop/cJSON/build/CMakeFiles/CMakeTmp

Run Build Command:"/usr/bin/make" "cmTC_01159/fast"
/Applications/Xcode.app/Contents/Developer/usr/bin/make -f CMakeFiles/cmTC_01159.dir/build.make CMakeFiles/cmTC_01159.dir/build
Building C object CMakeFiles/cmTC_01159.dir/src.c.o
/Applications/Xcode.app/Contents/Developer/Toolchains/XcodeDefault.xctoolchain/usr/bin/cc   -std=c89 -pedantic -Wall -Wextra -Werror -Wstrict-prototypes -Wwrite-strings -Wshadow -Winit-self -Wcast-align -Wformat=2 -Wmissing-prototypes -Wstrict-overflow=2 -Wcast-qual -Wundef -Wswitch-default -Wconversion -Wc++-compat -fstack-protector-strong -Wcomma -Wdouble-promotion -Wparentheses -Wunused-macros -Wmissing-variable-declarations -Wused-but-marked-unused -Wswitch-enum -DFLAG_SUPPORTED_fvisibilityhidden   -fvisibility=hidden -o CMakeFiles/cmTC_01159.dir/src.c.o   -c /Users/ntoniolo/base/scop/cJSON/build/CMakeFiles/CMakeTmp/src.c
Linking C executable cmTC_01159
/Users/ntoniolo/.brew/Cellar/cmake/3.11.4/bin/cmake -E cmake_link_script CMakeFiles/cmTC_01159.dir/link.txt --verbose=1
/Applications/Xcode.app/Contents/Developer/Toolchains/XcodeDefault.xctoolchain/usr/bin/cc  -std=c89 -pedantic -Wall -Wextra -Werror -Wstrict-prototypes -Wwrite-strings -Wshadow -Winit-self -Wcast-align -Wformat=2 -Wmissing-prototypes -Wstrict-overflow=2 -Wcast-qual -Wundef -Wswitch-default -Wconversion -Wc++-compat -fstack-protector-strong -Wcomma -Wdouble-promotion -Wparentheses -Wunused-macros -Wmissing-variable-declarations -Wused-but-marked-unused -Wswitch-enum -DFLAG_SUPPORTED_fvisibilityhidden -Wl,-search_paths_first -Wl,-headerpad_max_install_names   CMakeFiles/cmTC_01159.dir/src.c.o  -o cmTC_01159 

Source file was:
int main(void) { return 0; }
